<?xml version="1.0" encoding="UTF-8"?>
<testsuite xmlns:xsi="http://www.w3.org/2001/XMLSchema-instance" xsi:noNamespaceSchemaLocation="https://maven.apache.org/surefire/maven-surefire-plugin/xsd/surefire-test-report-3.0.xsd" version="3.0" name="com.quizapp.controller.QuizControllerTest" time="13.734" tests="2" errors="0" skipped="0" failures="0">
  <properties>
[...]
</properties>
  <testcase name="testGetAllQuizzes" classname="com.quizapp.controller.QuizControllerTest" time="1.269">
    <system-out><![CDATA[15:55:46.568 [main] INFO org.springframework.test.context.support.AnnotationConfigContextLoaderUtils -- Could not detect default configuration classes for test class [com.quizapp.controller.QuizControllerTest]: QuizControllerTest does not declare any static, non-private, non-final, nested classes annotated with @Configuration.
15:55:46.869 [main] INFO org.springframework.boot.test.context.SpringBootTestContextBootstrapper -- Found @SpringBootConfiguration com.quizapp.QuizAppApplication for test class com.quizapp.controller.QuizControllerTest
15:55:47.160 [main] INFO org.springframework.boot.devtools.restart.RestartApplicationListener -- Restart disabled due to context in which it is running

  .   ____          _            __ _ _
 /\\ / ___'_ __ _ _(_)_ __  __ _ \ \ \ \
( ( )\___ | '_ | '_| | '_ \/ _` | \ \ \ \
 \\/  ___)| |_)| | | | | || (_| |  ) ) ) )
  '  |____| .__|_| |_|_| |_\__, | / / / /
 =========|_|==============|___/=/_/_/_/
 :: Spring Boot ::                (v3.2.0)

2026-05-05T15:55:47.813+05:30  INFO 34944 --- [quiz-app] [           main] c.quizapp.controller.QuizControllerTest  : Starting QuizControllerTest using Java 17.0.13 with PID 34944 (started by DELL in C:\Users\DELL\Desktop\EXAM\Real-Time-Classrooom-Quiz-Polling-App)
2026-05-05T15:55:47.815+05:30 DEBUG 34944 --- [quiz-app] [           main] c.quizapp.controller.QuizControllerTest  : Running with Spring Boot v3.2.0, Spring v6.1.1
2026-05-05T15:55:47.818+05:30  INFO 34944 --- [quiz-app] [           main] c.quizapp.controller.QuizControllerTest  : No active profile set, falling back to 1 default profile: "default"
2026-05-05T15:55:49.730+05:30  INFO 34944 --- [quiz-app] [           main] .s.d.r.c.RepositoryConfigurationDelegate : Bootstrapping Spring Data JPA repositories in DEFAULT mode.
2026-05-05T15:55:49.901+05:30  INFO 34944 --- [quiz-app] [           main] .s.d.r.c.RepositoryConfigurationDelegate : Finished Spring Data repository scanning in 141 ms. Found 5 JPA repository interfaces.
2026-05-05T15:55:51.895+05:30  INFO 34944 --- [quiz-app] [           main] o.s.o.j.p.SpringPersistenceUnitInfo      : No LoadTimeWeaver setup: ignoring JPA class transformer
2026-05-05T15:55:51.949+05:30  INFO 34944 --- [quiz-app] [           main] com.zaxxer.hikari.HikariDataSource       : HikariPool-1 - Starting...
2026-05-05T15:55:52.207+05:30  INFO 34944 --- [quiz-app] [           main] com.zaxxer.hikari.pool.HikariPool        : HikariPool-1 - Added connection conn0: url=jdbc:h2:mem:testdb user=SA
2026-05-05T15:55:52.209+05:30  INFO 34944 --- [quiz-app] [           main] com.zaxxer.hikari.HikariDataSource       : HikariPool-1 - Start completed.
2026-05-05T15:55:52.237+05:30  WARN 34944 --- [quiz-app] [           main] org.hibernate.orm.deprecation            : HHH90000025: H2Dialect does not need to be specified explicitly using 'hibernate.dialect' (remove the property setting and it will be selected by default)
2026-05-05T15:55:54.079+05:30  INFO 34944 --- [quiz-app] [           main] j.LocalContainerEntityManagerFactoryBean : Initialized JPA EntityManagerFactory for persistence unit 'default'
2026-05-05T15:55:55.328+05:30  INFO 34944 --- [quiz-app] [           main] o.s.d.j.r.query.QueryEnhancerFactory     : Hibernate is in classpath; If applicable, HQL parser will be used.
2026-05-05T15:55:56.700+05:30  WARN 34944 --- [quiz-app] [           main] JpaBaseConfiguration$JpaWebConfiguration : spring.jpa.open-in-view is enabled by default. Therefore, database queries may be performed during view rendering. Explicitly configure spring.jpa.open-in-view to disable this warning
2026-05-05T15:55:57.126+05:30  INFO 34944 --- [quiz-app] [           main] o.s.b.a.w.s.WelcomePageHandlerMapping    : Adding welcome page: class path resource [static/index.html]
2026-05-05T15:55:57.881+05:30  INFO 34944 --- [quiz-app] [           main] o.s.b.a.h2.H2ConsoleAutoConfiguration    : H2 console available at '/h2-console'. Database available at 'jdbc:h2:mem:testdb'
2026-05-05T15:55:58.040+05:30  INFO 34944 --- [quiz-app] [           main] o.s.b.t.m.w.SpringBootMockServletContext : Initializing Spring TestDispatcherServlet ''
2026-05-05T15:55:58.040+05:30  INFO 34944 --- [quiz-app] [           main] o.s.t.web.servlet.TestDispatcherServlet  : Initializing Servlet ''
2026-05-05T15:55:58.043+05:30  INFO 34944 --- [quiz-app] [           main] o.s.t.web.servlet.TestDispatcherServlet  : Completed initialization in 1 ms
2026-05-05T15:55:58.093+05:30  INFO 34944 --- [quiz-app] [           main] o.s.m.s.b.SimpleBrokerMessageHandler     : Starting...
2026-05-05T15:55:58.099+05:30  INFO 34944 --- [quiz-app] [           main] o.s.m.s.b.SimpleBrokerMessageHandler     : BrokerAvailabilityEvent[available=true, SimpleBrokerMessageHandler [org.springframework.messaging.simp.broker.DefaultSubscriptionRegistry@b6a5cf5]]
2026-05-05T15:55:58.102+05:30  INFO 34944 --- [quiz-app] [           main] o.s.m.s.b.SimpleBrokerMessageHandler     : Started.
2026-05-05T15:55:58.121+05:30  INFO 34944 --- [quiz-app] [           main] c.quizapp.controller.QuizControllerTest  : Started QuizControllerTest in 10.978 seconds (process running for 13.012)
2026-05-05T15:55:58.188+05:30  INFO 34944 --- [quiz-app] [           main] com.quizapp.service.QuizService          : Fetching all quizzes
2026-05-05T15:55:58.531+05:30  INFO 34944 --- [quiz-app] [           main] com.quizapp.service.QuizService          : Creating quiz with title: Classroom Java Basics Quiz
2026-05-05T15:55:58.646+05:30  INFO 34944 --- [quiz-app] [           main] com.quizapp.service.QuestionService      : Saving question: Which keyword is used to create an immutable class in Java?
2026-05-05T15:55:58.654+05:30  INFO 34944 --- [quiz-app] [           main] com.quizapp.service.QuestionService      : Saving question: Which Spring annotation is used to define a REST controller?
2026-05-05T15:55:58.655+05:30  INFO 34944 --- [quiz-app] [           main] com.quizapp.service.QuestionService      : Saving question: What does STOMP provide when used with WebSocket?
2026-05-05T15:55:58.656+05:30  INFO 34944 --- [quiz-app] [           main] com.quizapp.service.QuizService          : Quiz created successfully with id: 1
2026-05-05T15:55:58.681+05:30  INFO 34944 --- [quiz-app] [           main] com.quizapp.config.SampleDataLoader      : Loaded sample quiz data for development.
2026-05-05T15:55:59.727+05:30  INFO 34944 --- [quiz-app] [           main] com.quizapp.controller.QuizController    : Creating new quiz: Math Quiz
2026-05-05T15:55:59.728+05:30  INFO 34944 --- [quiz-app] [           main] com.quizapp.service.QuizService          : Creating quiz with title: Math Quiz
2026-05-05T15:55:59.731+05:30  INFO 34944 --- [quiz-app] [           main] com.quizapp.service.QuestionService      : Saving question: What is 2 + 2?
2026-05-05T15:55:59.734+05:30  INFO 34944 --- [quiz-app] [           main] com.quizapp.service.QuestionService      : Saving question: What is the capital of France?
2026-05-05T15:55:59.736+05:30  INFO 34944 --- [quiz-app] [           main] com.quizapp.service.QuizService          : Quiz created successfully with id: 2
2026-05-05T15:55:59.830+05:30  INFO 34944 --- [quiz-app] [           main] com.quizapp.controller.QuizController    : Fetching all quizzes
2026-05-05T15:55:59.830+05:30  INFO 34944 --- [quiz-app] [           main] com.quizapp.service.QuizService          : Fetching all quizzes
]]></system-out>
  </testcase>
  <testcase name="testCreateQuiz" classname="com.quizapp.controller.QuizControllerTest" time="0.025">
    <system-out><![CDATA[2026-05-05T15:55:59.991+05:30  INFO 34944 --- [quiz-app] [           main] com.quizapp.controller.QuizController    : Creating new quiz: Math Quiz
2026-05-05T15:55:59.992+05:30  INFO 34944 --- [quiz-app] [           main] com.quizapp.service.QuizService          : Creating quiz with title: Math Quiz
2026-05-05T15:55:59.994+05:30  INFO 34944 --- [quiz-app] [           main] com.quizapp.service.QuestionService      : Saving question: What is 2 + 2?
2026-05-05T15:55:59.996+05:30  INFO 34944 --- [quiz-app] [           main] com.quizapp.service.QuestionService      : Saving question: What is the capital of France?
2026-05-05T15:55:59.999+05:30  INFO 34944 --- [quiz-app] [           main] com.quizapp.service.QuizService          : Quiz created successfully with id: 3
]]></system-out>
  </testcase>
</testsuite>