<?xml version="1.0" encoding="UTF-8"?>
<testsuite xmlns:xsi="http://www.w3.org/2001/XMLSchema-instance" xsi:noNamespaceSchemaLocation="https://maven.apache.org/surefire/maven-surefire-plugin/xsd/surefire-test-report-3.0.xsd" version="3.0" name="com.quizapp.service.AnswerServiceTest" time="1.856" tests="3" errors="0" skipped="0" failures="0">
  <properties>
[...]
</properties>
  <testcase name="testDuplicateAnswerThrowsException" classname="com.quizapp.service.AnswerServiceTest" time="0.33">
    <system-out><![CDATA[2026-05-05T15:56:00.026+05:30  INFO 34944 --- [quiz-app] [           main] t.c.s.AnnotationConfigContextLoaderUtils : Could not detect default configuration classes for test class [com.quizapp.service.AnswerServiceTest]: AnswerServiceTest does not declare any static, non-private, non-final, nested classes annotated with @Configuration.
2026-05-05T15:56:00.057+05:30  INFO 34944 --- [quiz-app] [           main] .b.t.c.SpringBootTestContextBootstrapper : Found @SpringBootConfiguration com.quizapp.QuizAppApplication for test class com.quizapp.service.AnswerServiceTest
2026-05-05T15:56:00.064+05:30  INFO 34944 --- [quiz-app] [           main] o.s.b.d.r.RestartApplicationListener     : Restart disabled due to context in which it is running

  .   ____          _            __ _ _
 /\\ / ___'_ __ _ _(_)_ __  __ _ \ \ \ \
( ( )\___ | '_ | '_| | '_ \/ _` | \ \ \ \
 \\/  ___)| |_)| | | | | || (_| |  ) ) ) )
  '  |____| .__|_| |_|_| |_\__, | / / / /
 =========|_|==============|___/=/_/_/_/
 :: Spring Boot ::                (v3.2.0)

2026-05-05T15:56:00.104+05:30  INFO 34944 --- [quiz-app] [           main] com.quizapp.service.AnswerServiceTest    : Starting AnswerServiceTest using Java 17.0.13 with PID 34944 (started by DELL in C:\Users\DELL\Desktop\EXAM\Real-Time-Classrooom-Quiz-Polling-App)
2026-05-05T15:56:00.105+05:30 DEBUG 34944 --- [quiz-app] [           main] com.quizapp.service.AnswerServiceTest    : Running with Spring Boot v3.2.0, Spring v6.1.1
2026-05-05T15:56:00.105+05:30  INFO 34944 --- [quiz-app] [           main] com.quizapp.service.AnswerServiceTest    : No active profile set, falling back to 1 default profile: "default"
2026-05-05T15:56:00.439+05:30  INFO 34944 --- [quiz-app] [           main] .s.d.r.c.RepositoryConfigurationDelegate : Bootstrapping Spring Data JPA repositories in DEFAULT mode.
2026-05-05T15:56:00.469+05:30  INFO 34944 --- [quiz-app] [           main] .s.d.r.c.RepositoryConfigurationDelegate : Finished Spring Data repository scanning in 30 ms. Found 5 JPA repository interfaces.
2026-05-05T15:56:00.585+05:30  INFO 34944 --- [quiz-app] [           main] o.s.o.j.p.SpringPersistenceUnitInfo      : No LoadTimeWeaver setup: ignoring JPA class transformer
2026-05-05T15:56:00.586+05:30  INFO 34944 --- [quiz-app] [           main] com.zaxxer.hikari.HikariDataSource       : HikariPool-2 - Starting...
2026-05-05T15:56:00.587+05:30  INFO 34944 --- [quiz-app] [           main] com.zaxxer.hikari.pool.HikariPool        : HikariPool-2 - Added connection conn10: url=jdbc:h2:mem:testdb user=SA
2026-05-05T15:56:00.588+05:30  INFO 34944 --- [quiz-app] [           main] com.zaxxer.hikari.HikariDataSource       : HikariPool-2 - Start completed.
2026-05-05T15:56:00.588+05:30  WARN 34944 --- [quiz-app] [           main] org.hibernate.orm.deprecation            : HHH90000025: H2Dialect does not need to be specified explicitly using 'hibernate.dialect' (remove the property setting and it will be selected by default)
2026-05-05T15:56:00.839+05:30  INFO 34944 --- [quiz-app] [           main] j.LocalContainerEntityManagerFactoryBean : Initialized JPA EntityManagerFactory for persistence unit 'default'
2026-05-05T15:56:01.069+05:30  WARN 34944 --- [quiz-app] [           main] JpaBaseConfiguration$JpaWebConfiguration : spring.jpa.open-in-view is enabled by default. Therefore, database queries may be performed during view rendering. Explicitly configure spring.jpa.open-in-view to disable this warning
2026-05-05T15:56:01.122+05:30  INFO 34944 --- [quiz-app] [           main] o.s.b.a.w.s.WelcomePageHandlerMapping    : Adding welcome page: class path resource [static/index.html]
2026-05-05T15:56:01.227+05:30  INFO 34944 --- [quiz-app] [           main] o.s.b.a.h2.H2ConsoleAutoConfiguration    : H2 console available at '/h2-console'. Database available at 'jdbc:h2:mem:testdb'
2026-05-05T15:56:01.265+05:30  INFO 34944 --- [quiz-app] [           main] o.s.m.s.b.SimpleBrokerMessageHandler     : Starting...
2026-05-05T15:56:01.265+05:30  INFO 34944 --- [quiz-app] [           main] o.s.m.s.b.SimpleBrokerMessageHandler     : BrokerAvailabilityEvent[available=true, SimpleBrokerMessageHandler [org.springframework.messaging.simp.broker.DefaultSubscriptionRegistry@159e7734]]
2026-05-05T15:56:01.265+05:30  INFO 34944 --- [quiz-app] [           main] o.s.m.s.b.SimpleBrokerMessageHandler     : Started.
2026-05-05T15:56:01.271+05:30  INFO 34944 --- [quiz-app] [           main] com.quizapp.service.AnswerServiceTest    : Started AnswerServiceTest in 1.206 seconds (process running for 16.162)
2026-05-05T15:56:01.273+05:30  INFO 34944 --- [quiz-app] [           main] com.quizapp.service.QuizService          : Fetching all quizzes
2026-05-05T15:56:01.280+05:30  INFO 34944 --- [quiz-app] [           main] com.quizapp.service.QuizService          : Creating quiz with title: Classroom Java Basics Quiz
2026-05-05T15:56:01.292+05:30  INFO 34944 --- [quiz-app] [           main] com.quizapp.service.QuestionService      : Saving question: Which keyword is used to create an immutable class in Java?
2026-05-05T15:56:01.298+05:30  INFO 34944 --- [quiz-app] [           main] com.quizapp.service.QuestionService      : Saving question: Which Spring annotation is used to define a REST controller?
2026-05-05T15:56:01.300+05:30  INFO 34944 --- [quiz-app] [           main] com.quizapp.service.QuestionService      : Saving question: What does STOMP provide when used with WebSocket?
2026-05-05T15:56:01.301+05:30  INFO 34944 --- [quiz-app] [           main] com.quizapp.service.QuizService          : Quiz created successfully with id: 1
2026-05-05T15:56:01.307+05:30  INFO 34944 --- [quiz-app] [           main] com.quizapp.config.SampleDataLoader      : Loaded sample quiz data for development.
2026-05-05T15:56:01.394+05:30  INFO 34944 --- [quiz-app] [           main] com.quizapp.service.QuizService          : Creating quiz with title: Test Quiz
2026-05-05T15:56:01.397+05:30  INFO 34944 --- [quiz-app] [           main] com.quizapp.service.QuestionService      : Saving question: Test Question?
2026-05-05T15:56:01.400+05:30  INFO 34944 --- [quiz-app] [           main] com.quizapp.service.QuizService          : Quiz created successfully with id: 2
2026-05-05T15:56:01.404+05:30  INFO 34944 --- [quiz-app] [           main] com.quizapp.service.SessionService       : Starting session for quiz: 2
2026-05-05T15:56:01.457+05:30  INFO 34944 --- [quiz-app] [           main] com.quizapp.service.SessionService       : Session started with code: 8IUU5E
2026-05-05T15:56:01.458+05:30  INFO 34944 --- [quiz-app] [           main] com.quizapp.service.StudentService       : Saving student: Test Student
2026-05-05T15:56:01.510+05:30  INFO 34944 --- [quiz-app] [           main] com.quizapp.service.AnswerService        : Submitting answer for student: 1, question: 4
2026-05-05T15:56:01.510+05:30  INFO 34944 --- [quiz-app] [           main] com.quizapp.service.SessionService       : Fetching session with code: 8IUU5E
2026-05-05T15:56:01.534+05:30  INFO 34944 --- [quiz-app] [           main] com.quizapp.service.SessionService       : Fetching session with code: 8IUU5E
2026-05-05T15:56:01.539+05:30  INFO 34944 --- [quiz-app] [           main] com.quizapp.service.StudentService       : Fetching student with id: 1
2026-05-05T15:56:01.553+05:30  INFO 34944 --- [quiz-app] [           main] com.quizapp.service.QuestionService      : Fetching question with id: 4
2026-05-05T15:56:01.588+05:30  INFO 34944 --- [quiz-app] [           main] com.quizapp.service.StudentService       : Updating student: Test Student
2026-05-05T15:56:01.593+05:30  INFO 34944 --- [quiz-app] [           main] com.quizapp.service.AnswerService        : Answer submitted successfully: 1
2026-05-05T15:56:01.619+05:30  INFO 34944 --- [quiz-app] [           main] com.quizapp.service.AnswerService        : Submitting answer for student: 1, question: 4
2026-05-05T15:56:01.619+05:30  INFO 34944 --- [quiz-app] [           main] com.quizapp.service.SessionService       : Fetching session with code: 8IUU5E
2026-05-05T15:56:01.622+05:30  INFO 34944 --- [quiz-app] [           main] com.quizapp.service.SessionService       : Fetching session with code: 8IUU5E
2026-05-05T15:56:01.624+05:30  INFO 34944 --- [quiz-app] [           main] com.quizapp.service.StudentService       : Fetching student with id: 1
2026-05-05T15:56:01.626+05:30  INFO 34944 --- [quiz-app] [           main] com.quizapp.service.QuestionService      : Fetching question with id: 4
]]></system-out>
  </testcase>
  <testcase name="testGetQuestionStats" classname="com.quizapp.service.AnswerServiceTest" time="0.173">
    <system-out><![CDATA[2026-05-05T15:56:01.692+05:30  INFO 34944 --- [quiz-app] [           main] com.quizapp.service.QuizService          : Creating quiz with title: Test Quiz
2026-05-05T15:56:01.696+05:30  INFO 34944 --- [quiz-app] [           main] com.quizapp.service.QuestionService      : Saving question: Test Question?
2026-05-05T15:56:01.700+05:30  INFO 34944 --- [quiz-app] [           main] com.quizapp.service.QuizService          : Quiz created successfully with id: 3
2026-05-05T15:56:01.707+05:30  INFO 34944 --- [quiz-app] [           main] com.quizapp.service.SessionService       : Starting session for quiz: 3
2026-05-05T15:56:01.713+05:30  INFO 34944 --- [quiz-app] [           main] com.quizapp.service.SessionService       : Session started with code: C9HVWT
2026-05-05T15:56:01.715+05:30  INFO 34944 --- [quiz-app] [           main] com.quizapp.service.StudentService       : Saving student: Test Student
2026-05-05T15:56:01.719+05:30  INFO 34944 --- [quiz-app] [           main] com.quizapp.service.AnswerService        : Submitting answer for student: 2, question: 5
2026-05-05T15:56:01.720+05:30  INFO 34944 --- [quiz-app] [           main] com.quizapp.service.SessionService       : Fetching session with code: C9HVWT
2026-05-05T15:56:01.724+05:30  INFO 34944 --- [quiz-app] [           main] com.quizapp.service.SessionService       : Fetching session with code: C9HVWT
2026-05-05T15:56:01.727+05:30  INFO 34944 --- [quiz-app] [           main] com.quizapp.service.StudentService       : Fetching student with id: 2
2026-05-05T15:56:01.732+05:30  INFO 34944 --- [quiz-app] [           main] com.quizapp.service.QuestionService      : Fetching question with id: 5
2026-05-05T15:56:01.741+05:30  INFO 34944 --- [quiz-app] [           main] com.quizapp.service.AnswerService        : Answer submitted successfully: 2
2026-05-05T15:56:01.742+05:30  INFO 34944 --- [quiz-app] [           main] com.quizapp.service.AnswerService        : Getting stats for question: 5
2026-05-05T15:56:01.742+05:30  INFO 34944 --- [quiz-app] [           main] com.quizapp.service.QuestionService      : Fetching question with id: 5
]]></system-out>
  </testcase>
  <testcase name="testSubmitAnswer" classname="com.quizapp.service.AnswerServiceTest" time="0.059">
    <system-out><![CDATA[2026-05-05T15:56:01.841+05:30  INFO 34944 --- [quiz-app] [           main] com.quizapp.service.QuizService          : Creating quiz with title: Test Quiz
2026-05-05T15:56:01.842+05:30  INFO 34944 --- [quiz-app] [           main] com.quizapp.service.QuestionService      : Saving question: Test Question?
2026-05-05T15:56:01.844+05:30  INFO 34944 --- [quiz-app] [           main] com.quizapp.service.QuizService          : Quiz created successfully with id: 4
2026-05-05T15:56:01.846+05:30  INFO 34944 --- [quiz-app] [           main] com.quizapp.service.SessionService       : Starting session for quiz: 4
2026-05-05T15:56:01.849+05:30  INFO 34944 --- [quiz-app] [           main] com.quizapp.service.SessionService       : Session started with code: 8QZQ24
2026-05-05T15:56:01.850+05:30  INFO 34944 --- [quiz-app] [           main] com.quizapp.service.StudentService       : Saving student: Test Student
2026-05-05T15:56:01.854+05:30  INFO 34944 --- [quiz-app] [           main] com.quizapp.service.AnswerService        : Submitting answer for student: 3, question: 6
2026-05-05T15:56:01.854+05:30  INFO 34944 --- [quiz-app] [           main] com.quizapp.service.SessionService       : Fetching session with code: 8QZQ24
2026-05-05T15:56:01.856+05:30  INFO 34944 --- [quiz-app] [           main] com.quizapp.service.SessionService       : Fetching session with code: 8QZQ24
2026-05-05T15:56:01.858+05:30  INFO 34944 --- [quiz-app] [           main] com.quizapp.service.StudentService       : Fetching student with id: 3
2026-05-05T15:56:01.859+05:30  INFO 34944 --- [quiz-app] [           main] com.quizapp.service.QuestionService      : Fetching question with id: 6
2026-05-05T15:56:01.869+05:30  INFO 34944 --- [quiz-app] [           main] com.quizapp.service.StudentService       : Updating student: Test Student
2026-05-05T15:56:01.870+05:30  INFO 34944 --- [quiz-app] [           main] com.quizapp.service.AnswerService        : Answer submitted successfully: 3
]]></system-out>
  </testcase>
</testsuite>